<?xml version="1.0" encoding="UTF-8"?>
<!-- Generated by org.testng.reporters.JUnitReportReporter -->
<testsuite skipped="0" hostname="MT66924" name="tests.ActividadSocioTest" tests="1" failures="0" timestamp="2021-08-21T22:36:28 GMT-03:00" time="14.474" errors="0">
  <testcase name="test" time="14.474" classname="tests.ActividadSocioTest"/>
  <system-out/>
</testsuite> <!-- tests.ActividadSocioTest -->
