<?xml version="1.0" encoding="UTF-8"?>
<!-- Generated by org.testng.reporters.JUnitReportReporter -->
<testsuite skipped="0" hostname="MT66924" name="tests.BusquedaNumeroSocioTest" tests="1" failures="0" timestamp="2021-08-24T11:35:58 GMT-03:00" time="97.900" errors="0">
  <testcase name="test" time="97.900" classname="tests.BusquedaNumeroSocioTest"/>
  <system-out/>
</testsuite> <!-- tests.BusquedaNumeroSocioTest -->
