<?xml version="1.0" encoding="UTF-8"?>
<!-- Generated by org.testng.reporters.JUnitReportReporter -->
<testsuite skipped="0" hostname="MT66924" name="tests.pruebas" tests="1" failures="0" timestamp="2021-08-12T11:40:46 GMT-03:00" time="6.961" errors="0">
  <testcase name="prueba" time="6.961" classname="tests.pruebas"/>
  <system-out/>
</testsuite> <!-- tests.pruebas -->
