<?xml version="1.0" encoding="UTF-8"?>
<!-- Generated by org.testng.reporters.JUnitReportReporter -->
<testsuite skipped="0" hostname="MT66924" name="tests.IntranetLoginTest" tests="1" failures="0" timestamp="2021-08-12T14:32:25 GMT-03:00" time="19.956" errors="0">
  <testcase name="login" time="19.956" classname="tests.IntranetLoginTest"/>
  <system-out/>
</testsuite> <!-- tests.IntranetLoginTest -->
